{
  "RSpec": {
    "coverage": {
      "/app/app/models/user.rb": {
        "lines": [
          null,
          null,
          null,
          null,
          null,
          null,
          null,
          null,
          null,
          null,
          null,
          null,
          null,
          null,
          null,
          null,
          null,
          null,
          null,
          null,
          null,
          1,
          1,
          null,
          null,
          1,
          1,
          1,
          null,
          1,
          null,
          null,
          null,
          null,
          null,
          1,
          1,
          null,
          1,
          1,
          null
        ],
        "branches": {
        }
      },
      "/app/app/models/application_record.rb": {
        "lines": [
          1,
          1,
          null
        ],
        "branches": {
        }
      },
      "/app/app/helpers/application_helper.rb": {
        "lines": [
          null,
          null,
          1,
          1,
          12,
          null,
          null
        ],
        "branches": {
          "[:if, 0, 5, 11, 5, 52]": {
            "[:then, 1, 5, 26, 5, 44]": 12,
            "[:else, 2, 5, 47, 5, 52]": 0
          }
        }
      },
      "/app/app/helpers/image_helper.rb": {
        "lines": [
          null,
          null,
          1,
          1,
          30,
          null,
          null,
          29,
          1,
          null,
          28,
          null,
          27,
          0,
          27,
          27,
          null,
          0,
          null,
          null,
          1,
          null,
          0,
          null,
          null,
          28,
          null,
          1,
          1,
          1,
          null,
          null,
          null,
          1,
          null,
          1,
          null,
          27,
          0,
          0,
          null,
          null,
          0,
          0,
          0,
          null,
          null,
          0,
          0,
          0,
          null,
          null,
          null,
          null,
          1,
          null,
          null,
          null,
          null,
          1,
          2,
          2,
          null,
          2,
          null,
          null
        ],
        "branches": {
          "[:\"&.\", 0, 5, 33, 5, 50]": {
            "[:then, 1, 5, 33, 5, 50]": 30,
            "[:else, 2, 5, 33, 5, 50]": 0
          },
          "[:\"&.\", 3, 5, 33, 5, 61]": {
            "[:then, 4, 5, 33, 5, 61]": 30,
            "[:else, 5, 5, 33, 5, 61]": 0
          },
          "[:if, 6, 5, 4, 5, 61]": {
            "[:then, 7, 5, 4, 5, 28]": 1,
            "[:else, 8, 5, 4, 5, 61]": 29
          },
          "[:case, 9, 11, 24, 24, 11]": {
            "[:when, 10, 13, 10, 19, 13]": 27,
            "[:when, 11, 21, 10, 21, 21]": 1,
            "[:else, 12, 23, 10, 23, 21]": 0
          },
          "[:if, 13, 15, 10, 18, 30]": {
            "[:then, 14, 16, 12, 16, 16]": 27,
            "[:else, 15, 18, 12, 18, 29]": 0
          },
          "[:if, 16, 13, 10, 19, 13]": {
            "[:then, 17, 14, 12, 14, 29]": 0,
            "[:else, 18, 15, 10, 18, 30]": 27
          },
          "[:if, 19, 8, 6, 27, 9]": {
            "[:then, 20, 9, 8, 9, 90]": 1,
            "[:else, 21, 11, 8, 26, 130]": 28
          },
          "[:if, 22, 48, 8, 48, 85]": {
            "[:then, 23, 48, 8, 48, 41]": 0,
            "[:else, 24, 48, 8, 48, 85]": 0
          },
          "[:if, 25, 49, 8, 49, 94]": {
            "[:then, 26, 49, 8, 49, 49]": 0,
            "[:else, 27, 49, 8, 49, 94]": 0
          },
          "[:if, 28, 50, 8, 50, 43]": {
            "[:then, 29, 50, 8, 50, 35]": 0,
            "[:else, 30, 50, 8, 50, 43]": 0
          },
          "[:if, 31, 43, 6, 51, 9]": {
            "[:then, 32, 44, 8, 45, 35]": 0,
            "[:else, 33, 48, 8, 50, 43]": 0
          },
          "[:if, 34, 61, 24, 61, 95]": {
            "[:then, 35, 61, 32, 61, 65]": 1,
            "[:else, 36, 61, 68, 61, 95]": 1
          },
          "[:if, 37, 62, 23, 62, 65]": {
            "[:then, 38, 62, 31, 62, 50]": 1,
            "[:else, 39, 62, 53, 62, 65]": 1
          }
        }
      },
      "/app/app/helpers/select_option_helper.rb": {
        "lines": [
          null,
          null,
          1,
          1,
          1,
          1,
          6,
          null,
          3,
          null,
          null,
          1,
          1,
          1,
          4,
          4,
          null,
          null,
          3,
          null,
          2,
          null,
          3,
          null,
          null,
          null
        ],
        "branches": {
          "[:unless, 0, 7, 6, 7, 117]": {
            "[:else, 1, 7, 6, 7, 117]": 1,
            "[:then, 2, 7, 6, 7, 48]": 2
          },
          "[:if, 3, 15, 6, 17, 9]": {
            "[:then, 4, 15, 6, 15, 10]": 1,
            "[:else, 5, 15, 6, 17, 9]": 3
          },
          "[:if, 6, 19, 6, 19, 33]": {
            "[:then, 7, 19, 6, 19, 10]": 1,
            "[:else, 8, 19, 6, 19, 33]": 2
          }
        }
      },
      "/app/app/models/image.rb": {
        "lines": [
          null,
          null,
          null,
          null,
          null,
          null,
          null,
          null,
          null,
          null,
          null,
          null,
          null,
          null,
          1,
          1,
          1,
          null,
          1,
          null,
          1,
          1,
          1,
          1,
          null,
          1,
          null,
          8,
          null,
          1,
          8,
          null,
          7,
          null,
          null,
          1,
          null,
          1,
          null,
          66,
          null,
          66,
          null,
          0,
          null,
          null,
          1,
          61,
          null,
          null
        ],
        "branches": {
          "[:if, 0, 31, 4, 31, 29]": {
            "[:then, 1, 31, 4, 31, 16]": 1,
            "[:else, 2, 31, 4, 31, 29]": 7
          },
          "[:if, 3, 40, 4, 40, 91]": {
            "[:then, 4, 40, 4, 40, 10]": 0,
            "[:else, 5, 40, 4, 40, 91]": 66
          },
          "[:unless, 6, 42, 4, 42, 85]": {
            "[:else, 7, 42, 4, 42, 85]": 63,
            "[:then, 8, 42, 4, 42, 57]": 3
          },
          "[:if, 9, 48, 4, 48, 118]": {
            "[:then, 10, 48, 4, 48, 94]": 61,
            "[:else, 11, 48, 4, 48, 118]": 0
          }
        }
      },
      "/app/app/models/universe.rb": {
        "lines": [
          null,
          null,
          null,
          null,
          null,
          null,
          null,
          null,
          null,
          null,
          null,
          null,
          null,
          null,
          null,
          null,
          null,
          null,
          null,
          null,
          null,
          null,
          null,
          null,
          null,
          1,
          1,
          1,
          null,
          1,
          null,
          1,
          1,
          null,
          null,
          null,
          1,
          1,
          null,
          null,
          null,
          1,
          19,
          null,
          null
        ],
        "branches": {
        }
      },
      "/app/app/models/character.rb": {
        "lines": [
          null,
          null,
          null,
          null,
          null,
          null,
          null,
          null,
          null,
          null,
          null,
          null,
          null,
          null,
          null,
          null,
          null,
          null,
          null,
          null,
          null,
          null,
          null,
          null,
          1,
          1,
          1,
          null,
          1,
          null,
          1,
          1,
          1,
          null,
          null,
          null,
          null,
          1,
          null,
          1,
          null,
          1,
          1,
          null,
          null
        ],
        "branches": {
        }
      },
      "/app/app/models/image_favorite.rb": {
        "lines": [
          null,
          null,
          1,
          1,
          1,
          null,
          1,
          null
        ],
        "branches": {
        }
      },
      "/app/app/models/image_tag.rb": {
        "lines": [
          null,
          null,
          null,
          null,
          null,
          null,
          null,
          null,
          null,
          null,
          null,
          null,
          null,
          null,
          null,
          null,
          null,
          null,
          null,
          1,
          1,
          null,
          1,
          null,
          1,
          1,
          null,
          1,
          null,
          null,
          1,
          null,
          1,
          8,
          null,
          8,
          null,
          null,
          null
        ],
        "branches": {
          "[:if, 0, 34, 4, 34, 42]": {
            "[:then, 1, 34, 4, 34, 10]": 0,
            "[:else, 2, 34, 4, 34, 42]": 8
          },
          "[:if, 3, 36, 4, 36, 120]": {
            "[:then, 4, 36, 4, 36, 80]": 0,
            "[:else, 5, 36, 4, 36, 120]": 8
          }
        }
      },
      "/app/app/controllers/application_controller.rb": {
        "lines": [
          1,
          1,
          1,
          null,
          1,
          null,
          1,
          46,
          null,
          null,
          1,
          4,
          4,
          null,
          null,
          1,
          19,
          0,
          0,
          null,
          19,
          null,
          null,
          1,
          19,
          1,
          null,
          1,
          null,
          18,
          null,
          null,
          1,
          9,
          null,
          3,
          3,
          null,
          null,
          null
        ],
        "branches": {
          "[:if, 0, 17, 4, 20, 7]": {
            "[:then, 1, 18, 6, 19, 18]": 0,
            "[:else, 2, 17, 4, 20, 7]": 19
          },
          "[:unless, 3, 25, 4, 29, 7]": {
            "[:else, 4, 25, 4, 29, 7]": 18,
            "[:then, 5, 26, 6, 28, 18]": 1
          },
          "[:\"&.\", 6, 34, 19, 34, 38]": {
            "[:then, 7, 34, 19, 34, 38]": 9,
            "[:else, 8, 34, 19, 34, 38]": 0
          },
          "[:if, 9, 34, 4, 34, 38]": {
            "[:then, 10, 34, 4, 34, 15]": 6,
            "[:else, 11, 34, 4, 34, 38]": 3
          }
        }
      },
      "/app/app/controllers/admin/dashboard_controller.rb": {
        "lines": [
          null,
          null,
          1,
          1,
          1,
          null,
          1,
          null,
          null,
          null
        ],
        "branches": {
        }
      },
      "/app/app/controllers/admin/dedupe_controller.rb": {
        "lines": [
          null,
          null,
          1,
          1,
          1,
          null,
          1,
          null,
          1,
          null,
          null,
          null,
          null,
          null,
          null,
          null,
          null,
          null,
          null,
          null,
          null,
          null,
          null,
          null,
          null,
          null,
          null,
          1,
          1,
          null,
          null,
          1,
          null,
          null,
          1,
          1,
          null,
          null,
          1,
          null,
          1,
          null,
          null,
          null,
          null,
          null,
          null,
          null,
          null,
          null,
          null,
          null,
          null,
          null,
          1,
          null,
          null,
          null,
          null,
          null,
          null,
          null,
          null,
          1,
          1,
          null,
          null,
          null,
          null,
          null,
          2,
          null,
          null,
          1,
          1,
          1,
          1,
          1,
          null,
          null,
          1,
          null,
          null,
          null,
          null,
          null,
          null,
          null,
          1,
          1,
          0,
          0,
          0,
          null,
          null,
          1,
          1,
          1,
          1,
          null,
          null,
          1,
          1,
          null,
          null,
          1,
          1,
          1,
          null,
          1,
          0,
          0,
          0,
          null,
          null,
          null,
          1,
          null,
          null,
          null,
          null,
          null,
          null,
          null,
          null,
          null,
          null,
          null,
          null,
          null,
          null,
          null,
          1,
          1,
          null,
          1,
          null,
          2,
          null,
          null,
          null,
          null,
          null,
          null,
          null,
          null,
          null,
          null,
          null,
          2,
          2,
          null,
          2,
          2,
          3,
          3,
          null,
          null,
          null,
          1,
          0,
          null,
          1,
          null,
          null,
          1,
          null,
          null,
          null
        ],
        "branches": {
          "[:if, 0, 36, 12, 36, 33]": {
            "[:then, 1, 36, 12, 36, 16]": 0,
            "[:else, 2, 36, 12, 36, 33]": 1
          },
          "[:if, 3, 90, 6, 94, 9]": {
            "[:then, 4, 91, 8, 93, 14]": 0,
            "[:else, 5, 90, 6, 94, 9]": 1
          },
          "[:if, 6, 102, 82, 102, 105]": {
            "[:then, 7, 102, 97, 102, 99]": 1,
            "[:else, 8, 102, 102, 102, 105]": 0
          },
          "[:if, 9, 110, 6, 114, 9]": {
            "[:then, 10, 111, 8, 113, 14]": 0,
            "[:else, 11, 110, 6, 114, 9]": 1
          },
          "[:if, 12, 151, 8, 151, 25]": {
            "[:then, 13, 151, 8, 151, 12]": 0,
            "[:else, 14, 151, 8, 151, 25]": 2
          },
          "[:if, 15, 163, 106, 163, 129]": {
            "[:then, 16, 163, 121, 163, 123]": 0,
            "[:else, 17, 163, 126, 163, 129]": 1
          },
          "[:if, 18, 163, 165, 163, 197]": {
            "[:then, 19, 163, 189, 163, 191]": 0,
            "[:else, 20, 163, 194, 163, 197]": 1
          },
          "[:if, 21, 160, 6, 164, 9]": {
            "[:then, 22, 161, 8, 161, 82]": 0,
            "[:else, 23, 163, 8, 163, 200]": 1
          }
        }
      },
      "/app/app/controllers/api/discord_imports/images_controller.rb": {
        "lines": [
          null,
          null,
          1,
          1,
          1,
          1,
          1,
          null,
          1,
          null,
          1,
          null,
          null,
          null,
          null,
          null,
          null,
          null,
          null,
          1,
          3,
          3,
          3,
          null,
          3,
          3,
          1,
          null,
          null,
          null,
          1,
          null,
          null,
          2,
          1,
          1,
          null,
          null,
          1,
          1,
          0,
          0,
          null,
          null,
          1,
          1,
          null,
          1,
          1,
          null,
          0,
          null,
          null,
          null,
          1,
          null,
          1,
          5,
          5,
          1,
          1,
          null,
          null,
          4,
          4,
          1,
          null,
          null,
          null,
          1,
          4,
          4,
          null,
          4,
          null,
          null,
          1,
          4,
          4,
          null,
          3,
          null,
          null,
          null,
          null
        ],
        "branches": {
          "[:if, 0, 26, 8, 32, 11]": {
            "[:then, 1, 27, 10, 31, 16]": 1,
            "[:else, 2, 26, 8, 32, 11]": 2
          },
          "[:if, 3, 34, 8, 37, 11]": {
            "[:then, 4, 35, 10, 36, 16]": 1,
            "[:else, 5, 34, 8, 37, 11]": 1
          },
          "[:if, 6, 40, 8, 43, 11]": {
            "[:then, 7, 41, 10, 42, 16]": 0,
            "[:else, 8, 40, 8, 43, 11]": 1
          },
          "[:if, 9, 48, 8, 52, 11]": {
            "[:then, 10, 49, 10, 49, 63]": 1,
            "[:else, 11, 51, 10, 51, 102]": 0
          },
          "[:if, 12, 59, 8, 62, 11]": {
            "[:then, 13, 60, 10, 61, 16]": 1,
            "[:else, 14, 59, 8, 62, 11]": 4
          },
          "[:unless, 15, 65, 8, 67, 11]": {
            "[:else, 16, 65, 8, 67, 11]": 3,
            "[:then, 17, 66, 10, 66, 71]": 1
          },
          "[:unless, 18, 72, 8, 72, 54]": {
            "[:else, 19, 72, 8, 72, 54]": 4,
            "[:then, 20, 72, 8, 72, 17]": 0
          },
          "[:if, 21, 78, 8, 78, 44]": {
            "[:then, 22, 78, 8, 78, 20]": 0,
            "[:else, 23, 78, 8, 78, 44]": 4
          },
          "[:unless, 24, 79, 8, 79, 52]": {
            "[:else, 25, 79, 8, 79, 52]": 3,
            "[:then, 26, 79, 8, 79, 20]": 1
          }
        }
      },
      "/app/app/controllers/characters_controller.rb": {
        "lines": [
          null,
          null,
          1,
          1,
          1,
          null,
          null,
          1,
          0,
          null,
          null,
          1,
          2,
          2,
          null,
          2,
          1,
          1,
          null,
          1,
          1,
          null,
          null,
          null,
          1,
          null,
          1,
          null,
          null,
          null,
          null,
          null,
          1,
          1,
          null,
          1,
          1,
          null,
          1,
          null,
          null,
          null,
          null,
          null,
          null,
          null,
          null,
          null,
          null,
          null,
          1,
          null,
          0,
          null,
          null,
          null,
          null,
          null,
          0,
          0,
          null,
          0,
          null,
          null,
          1,
          null,
          1,
          null,
          null,
          null,
          null,
          null,
          1,
          1,
          null,
          1,
          1,
          1,
          null,
          0,
          0,
          null,
          null,
          null,
          1,
          1,
          1,
          1,
          null,
          1,
          1,
          1,
          null,
          null,
          1,
          null,
          1,
          3,
          null,
          null
        ],
        "branches": {
          "[:if, 0, 16, 4, 22, 7]": {
            "[:then, 1, 17, 6, 18, 43]": 1,
            "[:else, 2, 20, 6, 21, 66]": 1
          },
          "[:unless, 3, 33, 4, 33, 83]": {
            "[:else, 4, 33, 4, 33, 83]": 1,
            "[:then, 5, 33, 4, 33, 10]": 0
          },
          "[:unless, 6, 34, 4, 34, 64]": {
            "[:else, 7, 34, 4, 34, 64]": 1,
            "[:then, 8, 34, 4, 34, 10]": 0
          },
          "[:unless, 9, 59, 4, 59, 83]": {
            "[:else, 10, 59, 4, 59, 83]": 0,
            "[:then, 11, 59, 4, 59, 10]": 0
          },
          "[:unless, 12, 60, 4, 60, 64]": {
            "[:else, 13, 60, 4, 60, 64]": 0,
            "[:then, 14, 60, 4, 60, 10]": 0
          },
          "[:unless, 15, 73, 4, 73, 83]": {
            "[:else, 16, 73, 4, 73, 83]": 1,
            "[:then, 17, 73, 4, 73, 10]": 0
          },
          "[:unless, 18, 74, 4, 74, 64]": {
            "[:else, 19, 74, 4, 74, 64]": 1,
            "[:then, 20, 74, 4, 74, 10]": 0
          },
          "[:if, 21, 76, 4, 82, 7]": {
            "[:then, 22, 77, 6, 78, 43]": 1,
            "[:else, 23, 80, 6, 81, 49]": 0
          },
          "[:unless, 24, 87, 4, 87, 83]": {
            "[:else, 25, 87, 4, 87, 83]": 1,
            "[:then, 26, 87, 4, 87, 10]": 0
          },
          "[:unless, 27, 88, 4, 88, 64]": {
            "[:else, 28, 88, 4, 88, 64]": 1,
            "[:then, 29, 88, 4, 88, 10]": 0
          }
        }
      },
      "/app/app/models/character_tag.rb": {
        "lines": [
          null,
          null,
          null,
          null,
          null,
          null,
          null,
          null,
          null,
          null,
          null,
          null,
          null,
          null,
          null,
          null,
          null,
          null,
          null,
          null,
          null,
          null,
          1,
          1,
          1,
          1,
          null,
          1,
          null,
          1,
          1,
          null,
          null,
          1,
          null,
          null,
          0,
          null,
          null,
          0,
          0,
          null,
          0,
          null,
          0,
          0,
          0,
          0,
          null,
          null,
          null,
          0,
          0,
          null,
          null,
          null,
          1,
          0,
          null,
          null,
          null,
          1,
          0,
          null,
          null,
          null,
          1,
          0,
          null,
          null,
          null,
          1,
          null,
          null,
          1,
          null,
          null,
          1,
          null,
          1,
          6,
          null,
          null,
          1,
          6,
          null,
          6,
          null,
          null,
          1,
          6,
          null,
          6,
          null,
          null
        ],
        "branches": {
          "[:if, 0, 46, 6, 49, 9]": {
            "[:then, 1, 47, 8, 48, 26]": 0,
            "[:else, 2, 46, 6, 49, 9]": 0
          },
          "[:\"&.\", 3, 81, 16, 81, 27]": {
            "[:then, 4, 81, 16, 81, 27]": 6,
            "[:else, 5, 81, 16, 81, 27]": 0
          },
          "[:\"&.\", 6, 81, 16, 81, 37]": {
            "[:then, 7, 81, 16, 81, 37]": 6,
            "[:else, 8, 81, 16, 81, 37]": 0
          },
          "[:if, 9, 85, 4, 85, 25]": {
            "[:then, 10, 85, 4, 85, 10]": 0,
            "[:else, 11, 85, 4, 85, 25]": 6
          },
          "[:unless, 12, 87, 4, 87, 71]": {
            "[:else, 13, 87, 4, 87, 71]": 6,
            "[:then, 14, 87, 4, 87, 42]": 0
          },
          "[:if, 15, 91, 4, 91, 25]": {
            "[:then, 16, 91, 4, 91, 10]": 0,
            "[:else, 17, 91, 4, 91, 25]": 6
          },
          "[:if, 18, 93, 4, 93, 68]": {
            "[:then, 19, 93, 4, 93, 47]": 0,
            "[:else, 20, 93, 4, 93, 68]": 6
          }
        }
      },
      "/app/app/controllers/character_tags_controller.rb": {
        "lines": [
          null,
          null,
          1,
          1,
          1,
          null,
          1,
          1,
          null,
          null,
          1,
          1,
          1,
          null,
          null,
          1,
          1,
          null,
          null,
          null,
          null,
          null,
          1,
          0,
          null,
          null,
          1,
          1,
          null,
          1,
          1,
          1,
          null,
          0,
          0,
          null,
          null,
          null,
          1,
          null,
          null,
          1,
          1,
          1,
          1,
          null,
          0,
          0,
          null,
          null,
          null,
          1,
          1,
          1,
          1,
          null,
          null,
          1,
          null,
          1,
          5,
          null,
          2,
          null,
          null,
          3,
          3,
          null,
          5,
          null,
          null,
          1,
          3,
          null,
          0,
          null,
          null,
          null,
          1,
          2,
          null,
          null
        ],
        "branches": {
          "[:if, 0, 30, 4, 36, 7]": {
            "[:then, 1, 31, 6, 32, 44]": 1,
            "[:else, 2, 34, 6, 35, 48]": 0
          },
          "[:if, 3, 43, 4, 49, 7]": {
            "[:then, 4, 44, 6, 45, 59]": 1,
            "[:else, 5, 47, 6, 48, 49]": 0
          },
          "[:if, 6, 61, 4, 68, 7]": {
            "[:then, 7, 63, 6, 63, 56]": 2,
            "[:else, 8, 66, 6, 67, 43]": 3
          },
          "[:unless, 9, 69, 4, 69, 64]": {
            "[:else, 10, 69, 4, 69, 64]": 5,
            "[:then, 11, 69, 4, 69, 64]": 0
          },
          "[:if, 12, 73, 4, 76, 7]": {
            "[:then, 13, 75, 6, 75, 66]": 0,
            "[:else, 14, 73, 4, 76, 7]": 3
          }
        }
      },
      "/app/app/controllers/collaborations_controller.rb": {
        "lines": [
          null,
          null,
          1,
          1,
          1,
          1,
          null,
          null,
          1,
          2,
          2,
          2,
          null,
          2,
          null,
          2,
          2,
          null,
          null,
          1,
          1,
          1,
          null,
          1,
          1,
          null,
          null,
          1,
          null,
          1,
          2,
          null,
          null
        ],
        "branches": {
          "[:unless, 0, 6, 4, 6, 91]": {
            "[:else, 1, 6, 4, 6, 91]": 1,
            "[:then, 2, 6, 4, 6, 91]": 0
          },
          "[:unless, 3, 12, 4, 12, 89]": {
            "[:else, 4, 12, 4, 12, 89]": 2,
            "[:then, 5, 12, 4, 12, 10]": 0
          },
          "[:unless, 6, 16, 4, 16, 93]": {
            "[:else, 7, 16, 4, 16, 93]": 1,
            "[:then, 8, 16, 4, 16, 66]": 1
          },
          "[:unless, 9, 22, 4, 22, 91]": {
            "[:else, 10, 22, 4, 22, 91]": 1,
            "[:then, 11, 22, 4, 22, 10]": 0
          }
        }
      },
      "/app/app/models/collaboration.rb": {
        "lines": [
          null,
          null,
          null,
          null,
          null,
          null,
          null,
          null,
          null,
          null,
          null,
          null,
          null,
          null,
          null,
          null,
          null,
          null,
          null,
          1,
          1,
          null,
          1,
          null,
          1,
          1,
          null,
          1,
          null,
          1,
          8,
          0,
          0,
          null,
          8,
          null,
          null
        ],
        "branches": {
          "[:if, 0, 31, 4, 34, 7]": {
            "[:then, 1, 32, 6, 33, 18]": 0,
            "[:else, 2, 31, 4, 34, 7]": 8
          }
        }
      },
      "/app/app/controllers/favorites_controller.rb": {
        "lines": [
          null,
          null,
          1,
          1,
          null,
          1,
          null,
          null,
          null,
          null,
          null,
          1,
          3,
          null,
          null
        ],
        "branches": {
        }
      },
      "/app/app/controllers/images_controller.rb": {
        "lines": [
          null,
          null,
          1,
          1,
          null,
          1,
          2,
          null,
          null,
          2,
          null,
          null,
          null,
          null,
          null,
          2,
          1,
          1,
          null,
          null,
          1,
          null,
          1,
          1,
          1,
          1,
          null,
          1,
          null,
          null,
          null,
          null,
          null,
          1,
          null,
          0,
          null,
          null,
          null,
          0,
          null,
          null,
          1,
          0,
          0,
          0,
          0,
          0,
          null,
          0,
          0,
          null,
          null,
          null,
          1,
          null,
          0,
          null,
          null,
          null,
          0,
          0,
          null,
          0,
          null,
          null,
          1,
          3,
          3,
          3,
          null,
          3,
          3,
          2,
          null,
          1,
          null,
          null,
          3,
          null,
          null,
          1,
          0,
          null,
          null,
          0,
          null,
          0,
          0,
          0,
          null,
          0,
          null,
          null,
          null,
          null,
          null,
          1,
          0,
          0,
          null,
          0,
          0,
          0,
          null,
          null,
          1,
          null,
          1,
          0,
          null,
          null,
          1,
          3,
          null,
          null,
          1,
          2,
          null,
          2,
          null,
          null,
          null,
          null,
          2,
          null,
          null
        ],
        "branches": {
          "[:unless, 0, 16, 4, 19, 7]": {
            "[:else, 1, 16, 4, 19, 7]": 1,
            "[:then, 2, 17, 6, 18, 12]": 1
          },
          "[:unless, 3, 40, 4, 40, 75]": {
            "[:else, 4, 40, 4, 40, 75]": 0,
            "[:then, 5, 40, 4, 40, 75]": 0
          },
          "[:if, 6, 46, 4, 52, 7]": {
            "[:then, 7, 47, 6, 48, 71]": 0,
            "[:else, 8, 50, 6, 51, 52]": 0
          },
          "[:unless, 9, 61, 4, 61, 75]": {
            "[:else, 10, 61, 4, 61, 75]": 0,
            "[:then, 11, 61, 4, 61, 10]": 0
          },
          "[:unless, 12, 62, 4, 62, 60]": {
            "[:else, 13, 62, 4, 62, 60]": 0,
            "[:then, 14, 62, 4, 62, 10]": 0
          },
          "[:unless, 15, 69, 4, 69, 75]": {
            "[:else, 16, 69, 4, 69, 75]": 3,
            "[:then, 17, 69, 4, 69, 10]": 0
          },
          "[:unless, 18, 70, 4, 70, 60]": {
            "[:else, 19, 70, 4, 70, 60]": 3,
            "[:then, 20, 70, 4, 70, 10]": 0
          },
          "[:if, 21, 73, 4, 77, 7]": {
            "[:then, 22, 74, 6, 74, 73]": 2,
            "[:else, 23, 76, 6, 76, 72]": 1
          },
          "[:unless, 24, 100, 4, 100, 75]": {
            "[:else, 25, 100, 4, 100, 75]": 0,
            "[:then, 26, 100, 4, 100, 10]": 0
          }
        }
      },
      "/app/app/controllers/image_tags_controller.rb": {
        "lines": [
          null,
          null,
          1,
          1,
          1,
          1,
          1,
          null,
          null,
          1,
          1,
          1,
          1,
          1,
          1,
          1,
          null,
          1,
          null,
          null,
          1,
          1,
          1,
          1,
          null,
          1,
          1,
          null,
          null,
          1,
          null,
          1,
          1,
          null,
          null
        ],
        "branches": {
          "[:unless, 0, 6, 4, 6, 83]": {
            "[:else, 1, 6, 4, 6, 83]": 1,
            "[:then, 2, 6, 4, 6, 10]": 0
          },
          "[:unless, 3, 7, 4, 7, 64]": {
            "[:else, 4, 7, 4, 7, 64]": 1,
            "[:then, 5, 7, 4, 7, 64]": 0
          },
          "[:unless, 6, 15, 4, 15, 83]": {
            "[:else, 7, 15, 4, 15, 83]": 1,
            "[:then, 8, 15, 4, 15, 10]": 0
          },
          "[:unless, 9, 16, 4, 16, 64]": {
            "[:else, 10, 16, 4, 16, 64]": 1,
            "[:then, 11, 16, 4, 16, 10]": 0
          },
          "[:unless, 12, 23, 4, 23, 83]": {
            "[:else, 13, 23, 4, 23, 83]": 1,
            "[:then, 14, 23, 4, 23, 10]": 0
          },
          "[:unless, 15, 24, 4, 24, 64]": {
            "[:else, 16, 24, 4, 24, 64]": 1,
            "[:then, 17, 24, 4, 24, 10]": 0
          }
        }
      },
      "/app/app/controllers/slideshows_controller.rb": {
        "lines": [
          null,
          null,
          1,
          1,
          1,
          1,
          1,
          null,
          null,
          1,
          2,
          2,
          null,
          null,
          2,
          null,
          null,
          null,
          null,
          null,
          null,
          4,
          null,
          2,
          null,
          null,
          1,
          null,
          1,
          3,
          3,
          null,
          2,
          null,
          null,
          1,
          3,
          null,
          1,
          null,
          null,
          null,
          null,
          null,
          2,
          null,
          null,
          null,
          null,
          1,
          3,
          null,
          3,
          null,
          null,
          null,
          null,
          3,
          null,
          null
        ],
        "branches": {
          "[:if, 0, 31, 4, 31, 45]": {
            "[:then, 1, 31, 4, 31, 22]": 1,
            "[:else, 2, 31, 4, 31, 45]": 2
          },
          "[:case, 3, 37, 4, 46, 7]": {
            "[:when, 4, 39, 6, 43, 17]": 1,
            "[:else, 5, 45, 6, 45, 44]": 2
          }
        }
      },
      "/app/app/controllers/universes_controller.rb": {
        "lines": [
          null,
          null,
          1,
          1,
          1,
          1,
          1,
          null,
          null,
          1,
          4,
          4,
          4,
          null,
          3,
          null,
          null,
          3,
          null,
          null,
          null,
          null,
          3,
          null,
          null,
          3,
          null,
          3,
          null,
          0,
          null,
          null,
          null,
          null,
          3,
          null,
          null,
          null,
          0,
          null,
          null,
          3,
          null,
          null,
          null,
          null,
          null,
          1,
          0,
          null,
          null,
          1,
          2,
          2,
          2,
          1,
          1,
          null,
          1,
          1,
          null,
          null,
          null,
          1,
          0,
          0,
          null,
          null,
          1,
          1,
          1,
          1,
          null,
          1,
          1,
          1,
          null,
          0,
          0,
          null,
          null,
          null,
          1,
          null,
          1,
          3,
          null,
          null,
          null,
          null,
          null,
          null,
          null
        ],
        "branches": {
          "[:unless, 0, 12, 4, 12, 81]": {
            "[:else, 1, 12, 4, 12, 81]": 4,
            "[:then, 2, 12, 4, 12, 10]": 0
          },
          "[:unless, 3, 13, 4, 13, 54]": {
            "[:else, 4, 13, 4, 13, 54]": 3,
            "[:then, 5, 13, 4, 13, 10]": 1
          },
          "[:case, 6, 26, 6, 31, 9]": {
            "[:when, 7, 28, 8, 28, 28]": 3,
            "[:else, 8, 30, 8, 30, 19]": 0
          },
          "[:if, 9, 55, 4, 61, 7]": {
            "[:then, 10, 56, 6, 57, 31]": 1,
            "[:else, 11, 59, 6, 60, 34]": 1
          },
          "[:unless, 12, 66, 4, 66, 81]": {
            "[:else, 13, 66, 4, 66, 81]": 0,
            "[:then, 14, 66, 4, 66, 81]": 0
          },
          "[:unless, 15, 71, 4, 71, 81]": {
            "[:else, 16, 71, 4, 71, 81]": 1,
            "[:then, 17, 71, 4, 71, 10]": 0
          },
          "[:unless, 18, 72, 4, 72, 54]": {
            "[:else, 19, 72, 4, 72, 54]": 1,
            "[:then, 20, 72, 4, 72, 10]": 0
          },
          "[:if, 21, 74, 4, 80, 7]": {
            "[:then, 22, 75, 6, 76, 31]": 1,
            "[:else, 23, 78, 6, 79, 46]": 0
          }
        }
      },
      "/app/app/controllers/users_controller.rb": {
        "lines": [
          null,
          null,
          1,
          1,
          null,
          1,
          1,
          null,
          null,
          1,
          1,
          1,
          null,
          1,
          1,
          null,
          0,
          null,
          null,
          1,
          null,
          null
        ],
        "branches": {
          "[:unless, 0, 12, 4, 12, 68]": {
            "[:else, 1, 12, 4, 12, 68]": 1,
            "[:then, 2, 12, 4, 12, 10]": 0
          },
          "[:if, 3, 14, 4, 18, 7]": {
            "[:then, 4, 15, 6, 15, 39]": 1,
            "[:else, 5, 17, 6, 17, 58]": 0
          }
        }
      },
      "/app/app/channels/application_cable/channel.rb": {
        "lines": [
          0,
          0,
          0,
          0
        ],
        "branches": {
        }
      },
      "/app/app/channels/application_cable/connection.rb": {
        "lines": [
          0,
          0,
          0,
          0
        ],
        "branches": {
        }
      },
      "/app/app/jobs/application_job.rb": {
        "lines": [
          0,
          null,
          null,
          null,
          null,
          null,
          0
        ],
        "branches": {
        }
      },
      "/app/app/mailers/application_mailer.rb": {
        "lines": [
          0,
          0,
          0,
          0
        ],
        "branches": {
        }
      }
    },
    "timestamp": 1767855796
  }
}
